[01m[K/home/uav1/fuel_ws/src/exploration/FUEL/fuel_planner/path_searching/src/kinodynamic_astar.cpp:[m[K In member function ‘[01m[Kint fast_planner::KinodynamicAstar::search(Eigen::Vector3d, Eigen::Vector3d, Eigen::Vector3d, Eigen::Vector3d, Eigen::Vector3d, bool, bool, double)[m[K’:
[01m[K/home/uav1/fuel_ws/src/exploration/FUEL/fuel_planner/path_searching/src/kinodynamic_astar.cpp:125:23:[m[K [01;35m[Kwarning: [m[Kcomparison between signed and unsigned integer expressions [[01;35m[K-Wsign-compare[m[K]
     for (int i = 0; [01;35m[Ki < inputs.size()[m[K; ++i)
                     [01;35m[K~~^~~~~~~~~~~~~~~[m[K
[01m[K/home/uav1/fuel_ws/src/exploration/FUEL/fuel_planner/path_searching/src/kinodynamic_astar.cpp:126:25:[m[K [01;35m[Kwarning: [m[Kcomparison between signed and unsigned integer expressions [[01;35m[K-Wsign-compare[m[K]
       for (int j = 0; [01;35m[Kj < durations.size()[m[K; ++j) {
                       [01;35m[K~~^~~~~~~~~~~~~~~~~~[m[K
[01m[K/home/uav1/fuel_ws/src/exploration/FUEL/fuel_planner/path_searching/src/kinodynamic_astar.cpp:193:27:[m[K [01;35m[Kwarning: [m[Kcomparison between signed and unsigned integer expressions [[01;35m[K-Wsign-compare[m[K]
         for (int j = 0; [01;35m[Kj < tmp_expand_nodes.size()[m[K; ++j) {
                         [01;35m[K~~^~~~~~~~~~~~~~~~~~~~~~~~~[m[K
[01m[K/home/uav1/fuel_ws/src/exploration/FUEL/fuel_planner/path_searching/src/kinodynamic_astar.cpp:49:15:[m[K [01;35m[Kwarning: [m[Kunused variable ‘[01m[Kneighbor[m[K’ [[01;35m[K-Wunused-variable[m[K]
   PathNodePtr [01;35m[Kneighbor[m[K = NULL;
               [01;35m[K^~~~~~~~[m[K
[01m[K/home/uav1/fuel_ws/src/exploration/FUEL/fuel_planner/path_searching/src/astar2.cpp:[m[K In static member function ‘[01m[Kstatic double fast_planner::Astar::pathLength(const std::vector<Eigen::Matrix<double, 3, 1> >&)[m[K’:
[01m[K/home/uav1/fuel_ws/src/exploration/FUEL/fuel_planner/path_searching/src/astar2.cpp:172:21:[m[K [01;35m[Kwarning: [m[Kcomparison between signed and unsigned integer expressions [[01;35m[K-Wsign-compare[m[K]
   for (int i = 0; [01;35m[Ki < path.size() - 1[m[K; ++i)
                   [01;35m[K~~^~~~~~~~~~~~~~~~~[m[K
[01m[K/home/uav1/fuel_ws/src/exploration/FUEL/fuel_planner/path_searching/src/astar2.cpp:[m[K In member function ‘[01m[Kdouble fast_planner::Astar::getDiagHeu(const Vector3d&, const Vector3d&)[m[K’:
[01m[K/home/uav1/fuel_ws/src/exploration/FUEL/fuel_planner/path_searching/src/astar2.cpp:211:25:[m[K [01;35m[Kwarning: [m[K‘[01m[Kh[m[K’ may be used uninitialized in this function [[01;35m[K-Wmaybe-uninitialized[m[K]
   return tie_breaker_ * [01;35m[Kh[m[K;
                         [01;35m[K^[m[K
[01m[K/home/uav1/fuel_ws/src/exploration/FUEL/fuel_planner/path_searching/src/topo_prm.cpp:[m[K In member function ‘[01m[Kbool fast_planner::TopologyPRM::needConnection(fast_planner::GraphNode::Ptr, fast_planner::GraphNode::Ptr, Eigen::Vector3d)[m[K’:
[01m[K/home/uav1/fuel_ws/src/exploration/FUEL/fuel_planner/path_searching/src/topo_prm.cpp:221:21:[m[K [01;35m[Kwarning: [m[Kcomparison between signed and unsigned integer expressions [[01;35m[K-Wsign-compare[m[K]
   for (int i = 0; [01;35m[Ki < g1->neighbors_.size()[m[K; ++i) {
                   [01;35m[K~~^~~~~~~~~~~~~~~~~~~~~~~[m[K
[01m[K/home/uav1/fuel_ws/src/exploration/FUEL/fuel_planner/path_searching/src/topo_prm.cpp:222:23:[m[K [01;35m[Kwarning: [m[Kcomparison between signed and unsigned integer expressions [[01;35m[K-Wsign-compare[m[K]
     for (int j = 0; [01;35m[Kj < g2->neighbors_.size()[m[K; ++j) {
                     [01;35m[K~~^~~~~~~~~~~~~~~~~~~~~~~[m[K
[01m[K/home/uav1/fuel_ws/src/exploration/FUEL/fuel_planner/path_searching/src/topo_prm.cpp:220:8:[m[K [01;35m[Kwarning: [m[Kunused variable ‘[01m[Khas_connect[m[K’ [[01;35m[K-Wunused-variable[m[K]
   bool [01;35m[Khas_connect[m[K = false;
        [01;35m[K^~~~~~~~~~~[m[K
[01m[K/home/uav1/fuel_ws/src/exploration/FUEL/fuel_planner/path_searching/src/topo_prm.cpp:[m[K In member function ‘[01m[Kstd::vector<std::vector<Eigen::Matrix<double, 3, 1> > > fast_planner::TopologyPRM::pruneEquivalent(std::vector<std::vector<Eigen::Matrix<double, 3, 1> > >&)[m[K’:
[01m[K/home/uav1/fuel_ws/src/exploration/FUEL/fuel_planner/path_searching/src/topo_prm.cpp:310:21:[m[K [01;35m[Kwarning: [m[Kcomparison between signed and unsigned integer expressions [[01;35m[K-Wsign-compare[m[K]
   for (int i = 1; [01;35m[Ki < paths.size()[m[K; ++i) {
                   [01;35m[K~~^~~~~~~~~~~~~~[m[K
[01m[K/home/uav1/fuel_ws/src/exploration/FUEL/fuel_planner/path_searching/src/topo_prm.cpp:314:23:[m[K [01;35m[Kwarning: [m[Kcomparison between signed and unsigned integer expressions [[01;35m[K-Wsign-compare[m[K]
     for (int j = 0; [01;35m[Kj < exist_paths_id.size()[m[K; ++j) {
                     [01;35m[K~~^~~~~~~~~~~~~~~~~~~~~~~[m[K
[01m[K/home/uav1/fuel_ws/src/exploration/FUEL/fuel_planner/path_searching/src/topo_prm.cpp:330:21:[m[K [01;35m[Kwarning: [m[Kcomparison between signed and unsigned integer expressions [[01;35m[K-Wsign-compare[m[K]
   for (int i = 0; [01;35m[Ki < exist_paths_id.size()[m[K; ++i) {
                   [01;35m[K~~^~~~~~~~~~~~~~~~~~~~~~~[m[K
[01m[K/home/uav1/fuel_ws/src/exploration/FUEL/fuel_planner/path_searching/src/topo_prm.cpp:[m[K In member function ‘[01m[Kstd::vector<std::vector<Eigen::Matrix<double, 3, 1> > > fast_planner::TopologyPRM::selectShortPaths(std::vector<std::vector<Eigen::Matrix<double, 3, 1> > >&, int)[m[K’:
[01m[K/home/uav1/fuel_ws/src/exploration/FUEL/fuel_planner/path_searching/src/topo_prm.cpp:365:21:[m[K [01;35m[Kwarning: [m[Kcomparison between signed and unsigned integer expressions [[01;35m[K-Wsign-compare[m[K]
   for (int i = 0; [01;35m[Ki < short_paths.size()[m[K; ++i) {
                   [01;35m[K~~^~~~~~~~~~~~~~~~~~~~[m[K
[01m[K/home/uav1/fuel_ws/src/exploration/FUEL/fuel_planner/path_searching/src/topo_prm.cpp:369:21:[m[K [01;35m[Kwarning: [m[Kcomparison between signed and unsigned integer expressions [[01;35m[K-Wsign-compare[m[K]
   for (int i = 0; [01;35m[Ki < short_paths.size()[m[K; ++i) {
                   [01;35m[K~~^~~~~~~~~~~~~~~~~~~~[m[K
[01m[K/home/uav1/fuel_ws/src/exploration/FUEL/fuel_planner/path_searching/src/topo_prm.cpp:[m[K In member function ‘[01m[Kint fast_planner::TopologyPRM::shortestPath(std::vector<std::vector<Eigen::Matrix<double, 3, 1> > >&)[m[K’:
[01m[K/home/uav1/fuel_ws/src/exploration/FUEL/fuel_planner/path_searching/src/topo_prm.cpp:407:21:[m[K [01;35m[Kwarning: [m[Kcomparison between signed and unsigned integer expressions [[01;35m[K-Wsign-compare[m[K]
   for (int i = 0; [01;35m[Ki < paths.size()[m[K; ++i) {
                   [01;35m[K~~^~~~~~~~~~~~~~[m[K
[01m[K/home/uav1/fuel_ws/src/exploration/FUEL/fuel_planner/path_searching/src/topo_prm.cpp:[m[K In member function ‘[01m[Kdouble fast_planner::TopologyPRM::pathLength(const std::vector<Eigen::Matrix<double, 3, 1> >&)[m[K’:
[01m[K/home/uav1/fuel_ws/src/exploration/FUEL/fuel_planner/path_searching/src/topo_prm.cpp:421:21:[m[K [01;35m[Kwarning: [m[Kcomparison between signed and unsigned integer expressions [[01;35m[K-Wsign-compare[m[K]
   for (int i = 0; [01;35m[Ki < path.size() - 1[m[K; ++i) {
                   [01;35m[K~~^~~~~~~~~~~~~~~~~[m[K
[01m[K/home/uav1/fuel_ws/src/exploration/FUEL/fuel_planner/path_searching/src/topo_prm.cpp:[m[K In member function ‘[01m[Kstd::vector<Eigen::Matrix<double, 3, 1> > fast_planner::TopologyPRM::discretizePath(const std::vector<Eigen::Matrix<double, 3, 1> >&, int)[m[K’:
[01m[K/home/uav1/fuel_ws/src/exploration/FUEL/fuel_planner/path_searching/src/topo_prm.cpp:431:21:[m[K [01;35m[Kwarning: [m[Kcomparison between signed and unsigned integer expressions [[01;35m[K-Wsign-compare[m[K]
   for (int i = 0; [01;35m[Ki < path.size() - 1[m[K; ++i) {
                   [01;35m[K~~^~~~~~~~~~~~~~~~~[m[K
[01m[K/home/uav1/fuel_ws/src/exploration/FUEL/fuel_planner/path_searching/src/topo_prm.cpp:447:23:[m[K [01;35m[Kwarning: [m[Kcomparison between signed and unsigned integer expressions [[01;35m[K-Wsign-compare[m[K]
     for (int j = 0; [01;35m[Kj < len_list.size() - 1[m[K; ++j) {
                     [01;35m[K~~^~~~~~~~~~~~~~~~~~~~~[m[K
[01m[K/home/uav1/fuel_ws/src/exploration/FUEL/fuel_planner/path_searching/src/topo_prm.cpp:[m[K In member function ‘[01m[Kvoid fast_planner::TopologyPRM::shortcutPath(std::vector<Eigen::Matrix<double, 3, 1> >, int, int)[m[K’:
[01m[K/home/uav1/fuel_ws/src/exploration/FUEL/fuel_planner/path_searching/src/topo_prm.cpp:487:23:[m[K [01;35m[Kwarning: [m[Kcomparison between signed and unsigned integer expressions [[01;35m[K-Wsign-compare[m[K]
     for (int i = 1; [01;35m[Ki < dis_path.size()[m[K; ++i) {
                     [01;35m[K~~^~~~~~~~~~~~~~~~~[m[K
[01m[K/home/uav1/fuel_ws/src/exploration/FUEL/fuel_planner/path_searching/src/topo_prm.cpp:[m[K In member function ‘[01m[Kvoid fast_planner::TopologyPRM::shortcutPaths()[m[K’:
[01m[K/home/uav1/fuel_ws/src/exploration/FUEL/fuel_planner/path_searching/src/topo_prm.cpp:521:23:[m[K [01;35m[Kwarning: [m[Kcomparison between signed and unsigned integer expressions [[01;35m[K-Wsign-compare[m[K]
     for (int i = 0; [01;35m[Ki < raw_paths_.size()[m[K; ++i) {
                     [01;35m[K~~^~~~~~~~~~~~~~~~~~~[m[K
[01m[K/home/uav1/fuel_ws/src/exploration/FUEL/fuel_planner/path_searching/src/topo_prm.cpp:524:23:[m[K [01;35m[Kwarning: [m[Kcomparison between signed and unsigned integer expressions [[01;35m[K-Wsign-compare[m[K]
     for (int i = 0; [01;35m[Ki < raw_paths_.size()[m[K; ++i) {
                     [01;35m[K~~^~~~~~~~~~~~~~~~~~~[m[K
[01m[K/home/uav1/fuel_ws/src/exploration/FUEL/fuel_planner/path_searching/src/topo_prm.cpp:528:23:[m[K [01;35m[Kwarning: [m[Kcomparison between signed and unsigned integer expressions [[01;35m[K-Wsign-compare[m[K]
     for (int i = 0; [01;35m[Ki < raw_paths_.size()[m[K; ++i)
                     [01;35m[K~~^~~~~~~~~~~~~~~~~~~[m[K
[01m[K/home/uav1/fuel_ws/src/exploration/FUEL/fuel_planner/path_searching/src/topo_prm.cpp:[m[K In member function ‘[01m[Kstd::vector<Eigen::Matrix<double, 3, 1> > fast_planner::TopologyPRM::discretizePath(std::vector<Eigen::Matrix<double, 3, 1> >)[m[K’:
[01m[K/home/uav1/fuel_ws/src/exploration/FUEL/fuel_planner/path_searching/src/topo_prm.cpp:557:21:[m[K [01;35m[Kwarning: [m[Kcomparison between signed and unsigned integer expressions [[01;35m[K-Wsign-compare[m[K]
   for (int i = 0; [01;35m[Ki < path.size() - 1[m[K; ++i) {
                   [01;35m[K~~^~~~~~~~~~~~~~~~~[m[K
[01m[K/home/uav1/fuel_ws/src/exploration/FUEL/fuel_planner/path_searching/src/topo_prm.cpp:563:11:[m[K [01;35m[Kwarning: [m[Kcomparison between signed and unsigned integer expressions [[01;35m[K-Wsign-compare[m[K]
     if ([01;35m[Ki != path.size() - 2[m[K) dis_path.pop_back();
         [01;35m[K~~^~~~~~~~~~~~~~~~~~[m[K
[01m[K/home/uav1/fuel_ws/src/exploration/FUEL/fuel_planner/path_searching/src/topo_prm.cpp:[m[K In member function ‘[01m[Kstd::vector<std::vector<Eigen::Matrix<double, 3, 1> > > fast_planner::TopologyPRM::discretizePaths(std::vector<std::vector<Eigen::Matrix<double, 3, 1> > >&)[m[K’:
[01m[K/home/uav1/fuel_ws/src/exploration/FUEL/fuel_planner/path_searching/src/topo_prm.cpp:572:21:[m[K [01;35m[Kwarning: [m[Kcomparison between signed and unsigned integer expressions [[01;35m[K-Wsign-compare[m[K]
   for (int i = 0; [01;35m[Ki < path.size()[m[K; ++i) {
                   [01;35m[K~~^~~~~~~~~~~~~[m[K
[01m[K/home/uav1/fuel_ws/src/exploration/FUEL/fuel_planner/path_searching/src/topo_prm.cpp:[m[K In member function ‘[01m[KEigen::Vector3d fast_planner::TopologyPRM::getOrthoPoint(const std::vector<Eigen::Matrix<double, 3, 1> >&)[m[K’:
[01m[K/home/uav1/fuel_ws/src/exploration/FUEL/fuel_planner/path_searching/src/topo_prm.cpp:592:21:[m[K [01;35m[Kwarning: [m[Kcomparison between signed and unsigned integer expressions [[01;35m[K-Wsign-compare[m[K]
   for (int i = 1; [01;35m[Ki < path.size() - 1[m[K; ++i) {
                   [01;35m[K~~^~~~~~~~~~~~~~~~~[m[K
[01m[K/home/uav1/fuel_ws/src/exploration/FUEL/fuel_planner/path_searching/src/topo_prm.cpp:[m[K In member function ‘[01m[Kstd::vector<std::vector<Eigen::Matrix<double, 3, 1> > > fast_planner::TopologyPRM::searchPaths()[m[K’:
[01m[K/home/uav1/fuel_ws/src/exploration/FUEL/fuel_planner/path_searching/src/topo_prm.cpp:617:21:[m[K [01;35m[Kwarning: [m[Kcomparison between signed and unsigned integer expressions [[01;35m[K-Wsign-compare[m[K]
   for (int i = 0; [01;35m[Ki < raw_paths_.size()[m[K; ++i) {
                   [01;35m[K~~^~~~~~~~~~~~~~~~~~~[m[K
[01m[K/home/uav1/fuel_ws/src/exploration/FUEL/fuel_planner/path_searching/src/topo_prm.cpp:627:23:[m[K [01;35m[Kwarning: [m[Kcomparison between signed and unsigned integer expressions [[01;35m[K-Wsign-compare[m[K]
     for (int j = 0; [01;35m[Kj < path_list[i].size()[m[K; ++j) {
                     [01;35m[K~~^~~~~~~~~~~~~~~~~~~~~[m[K
[01m[K/home/uav1/fuel_ws/src/exploration/FUEL/fuel_planner/path_searching/src/topo_prm.cpp:629:35:[m[K [01;35m[Kwarning: [m[Kcomparison between signed and unsigned integer expressions [[01;35m[K-Wsign-compare[m[K]
       if ([01;35m[Kfilter_raw_paths.size() >= max_raw_path2_[m[K) {
           [01;35m[K~~~~~~~~~~~~~~~~~~~~~~~~^~~~~~~~~~~~~~~~~[m[K
[01m[K/home/uav1/fuel_ws/src/exploration/FUEL/fuel_planner/path_searching/src/topo_prm.cpp:[m[K In member function ‘[01m[Kvoid fast_planner::TopologyPRM::depthFirstSearch(std::vector<std::shared_ptr<fast_planner::GraphNode> >&)[m[K’:
[01m[K/home/uav1/fuel_ws/src/exploration/FUEL/fuel_planner/path_searching/src/topo_prm.cpp:646:21:[m[K [01;35m[Kwarning: [m[Kcomparison between signed and unsigned integer expressions [[01;35m[K-Wsign-compare[m[K]
   for (int i = 0; [01;35m[Ki < cur->neighbors_.size()[m[K; ++i) {
                   [01;35m[K~~^~~~~~~~~~~~~~~~~~~~~~~~[m[K
[01m[K/home/uav1/fuel_ws/src/exploration/FUEL/fuel_planner/path_searching/src/topo_prm.cpp:651:25:[m[K [01;35m[Kwarning: [m[Kcomparison between signed and unsigned integer expressions [[01;35m[K-Wsign-compare[m[K]
       for (int j = 0; [01;35m[Kj < vis.size()[m[K; ++j) {
                       [01;35m[K~~^~~~~~~~~~~~[m[K
[01m[K/home/uav1/fuel_ws/src/exploration/FUEL/fuel_planner/path_searching/src/topo_prm.cpp:657:29:[m[K [01;35m[Kwarning: [m[Kcomparison between signed and unsigned integer expressions [[01;35m[K-Wsign-compare[m[K]
       if ([01;35m[Kraw_paths_.size() >= max_raw_path_[m[K) return;
           [01;35m[K~~~~~~~~~~~~~~~~~~^~~~~~~~~~~~~~~~[m[K
[01m[K/home/uav1/fuel_ws/src/exploration/FUEL/fuel_planner/path_searching/src/topo_prm.cpp:663:21:[m[K [01;35m[Kwarning: [m[Kcomparison between signed and unsigned integer expressions [[01;35m[K-Wsign-compare[m[K]
   for (int i = 0; [01;35m[Ki < cur->neighbors_.size()[m[K; ++i) {
                   [01;35m[K~~^~~~~~~~~~~~~~~~~~~~~~~~[m[K
[01m[K/home/uav1/fuel_ws/src/exploration/FUEL/fuel_planner/path_searching/src/topo_prm.cpp:669:23:[m[K [01;35m[Kwarning: [m[Kcomparison between signed and unsigned integer expressions [[01;35m[K-Wsign-compare[m[K]
     for (int j = 0; [01;35m[Kj < vis.size()[m[K; ++j) {
                     [01;35m[K~~^~~~~~~~~~~~[m[K
[01m[K/home/uav1/fuel_ws/src/exploration/FUEL/fuel_planner/path_searching/src/topo_prm.cpp:680:27:[m[K [01;35m[Kwarning: [m[Kcomparison between signed and unsigned integer expressions [[01;35m[K-Wsign-compare[m[K]
     if ([01;35m[Kraw_paths_.size() >= max_raw_path_[m[K) return;
         [01;35m[K~~~~~~~~~~~~~~~~~~^~~~~~~~~~~~~~~~[m[K
[01m[K/home/uav1/fuel_ws/src/exploration/FUEL/fuel_planner/path_searching/src/topo_prm.cpp:[m[K In member function ‘[01m[Kbool fast_planner::TopologyPRM::triangleVisib(Eigen::Vector3d, Eigen::Vector3d, Eigen::Vector3d)[m[K’:
[01m[K/home/uav1/fuel_ws/src/exploration/FUEL/fuel_planner/path_searching/src/topo_prm.cpp:705:21:[m[K [01;35m[Kwarning: [m[Kcomparison between signed and unsigned integer expressions [[01;35m[K-Wsign-compare[m[K]
   for (int i = 0; [01;35m[Ki < pts.size()[m[K; ++i) {
                   [01;35m[K~~^~~~~~~~~~~~[m[K
