[35m[1mScanning dependencies of target cxr_egoctrl_v1[0m
[ 25%] [32mBuilding CXX object CMakeFiles/cxr_egoctrl_v1.dir/src/DataManager/data_manager.cpp.o[0m
In file included from [01m[K/opt/ros/melodic/include/ros/ros.h:40:0[m[K,
                 from [01m[K/home/uav1/fuel_ws/src/exploration/cxr_ego_ctrl/src/cxr_egoctrl_v1/include/DataManager/data_ros_input.h:7[m[K,
                 from [01m[K/home/uav1/fuel_ws/src/exploration/cxr_ego_ctrl/src/cxr_egoctrl_v1/include/DataManager/data_manager.h:4[m[K,
                 from [01m[K/home/uav1/fuel_ws/src/exploration/cxr_ego_ctrl/src/cxr_egoctrl_v1/src/DataManager/data_manager.cpp:1[m[K:
[01m[K/home/uav1/fuel_ws/src/exploration/cxr_ego_ctrl/src/cxr_egoctrl_v1/src/DataManager/data_manager.cpp:[m[K In member function ‘[01m[Kvoid DataManager::update()[m[K’:
[01m[K/opt/ros/melodic/include/ros/console.h:348:176:[m[K [01;35m[Kwarning: [m[Kformat ‘[01m[K%d[m[K’ expects argument of type ‘[01m[Kint[m[K’, but argument 8 has type ‘[01m[Kstd::queue<UavState>::size_type {aka long unsigned int}[m[K’ [[01;35m[K-Wformat=[m[K]
     ::ros::console::print(filter, __rosconsole_define_location__loc.logger_, __rosconsole_define_location__loc.level_, __FILE__, __LINE__, __ROSCONSOLE_FUNCTION__, __VA_ARGS__[01;35m[K)[m[K
                                                                                                                                                                                [01;35m[K^[m[K
[01m[K/opt/ros/melodic/include/ros/console.h:351:5:[m[K [01;36m[Knote: [m[Kin expansion of macro ‘[01m[KROSCONSOLE_PRINT_AT_LOCATION_WITH_FILTER[m[K’
     [01;36m[KROSCONSOLE_PRINT_AT_LOCATION_WITH_FILTER[m[K(NULL, __VA_ARGS__)
     [01;36m[K^~~~~~~~~~~~~~~~~~~~~~~~~~~~~~~~~~~~~~~~[m[K
[01m[K/opt/ros/melodic/include/ros/console.h:387:7:[m[K [01;36m[Knote: [m[Kin expansion of macro ‘[01m[KROSCONSOLE_PRINT_AT_LOCATION[m[K’
       [01;36m[KROSCONSOLE_PRINT_AT_LOCATION[m[K(__VA_ARGS__); \
       [01;36m[K^~~~~~~~~~~~~~~~~~~~~~~~~~~~[m[K
[01m[K/opt/ros/melodic/include/ros/console.h:572:35:[m[K [01;36m[Knote: [m[Kin expansion of macro ‘[01m[KROS_LOG_COND[m[K’
 #define ROS_LOG(level, name, ...) [01;36m[KROS_LOG_COND[m[K(true, level, name, __VA_ARGS__)
                                   [01;36m[K^~~~~~~~~~~~[m[K
[01m[K/opt/ros/melodic/include/rosconsole/macros_generated.h:162:23:[m[K [01;36m[Knote: [m[Kin expansion of macro ‘[01m[KROS_LOG[m[K’
 #define ROS_WARN(...) [01;36m[KROS_LOG[m[K(::ros::console::levels::Warn, ROSCONSOLE_DEFAULT_NAME, __VA_ARGS__)
                       [01;36m[K^~~~~~~[m[K
[01m[K/home/uav1/fuel_ws/src/exploration/cxr_ego_ctrl/src/cxr_egoctrl_v1/src/DataManager/data_manager.cpp:33:3:[m[K [01;36m[Knote: [m[Kin expansion of macro ‘[01m[KROS_WARN[m[K’
   [01;36m[KR[m[KOS_WARN("队列大小：%d", plan_queue_.size());
   [01;36m[K^[m[K
[ 50%] [32m[1mLinking CXX executable /home/uav1/fuel_ws/devel/.private/cxr_egoctrl_v1/lib/cxr_egoctrl_v1/cxr_egoctrl_v1[0m
[100%] Built target cxr_egoctrl_v1
