Determining if the pthread_create exist failed with the following output:
Change Dir: /home/uav1/fuel_ws/build/map_generator/CMakeFiles/CMakeTmp

Run Build Command:"/usr/bin/make" "cmTC_e08c7/fast"
/usr/bin/make -f CMakeFiles/cmTC_e08c7.dir/build.make CMakeFiles/cmTC_e08c7.dir/build
make[1]: 进入目录“/home/uav1/fuel_ws/build/map_generator/CMakeFiles/CMakeTmp”
Building C object CMakeFiles/cmTC_e08c7.dir/CheckSymbolExists.c.o
/usr/bin/cc    -o CMakeFiles/cmTC_e08c7.dir/CheckSymbolExists.c.o   -c /home/uav1/fuel_ws/build/map_generator/CMakeFiles/CMakeTmp/CheckSymbolExists.c
Linking C executable cmTC_e08c7
/usr/bin/cmake -E cmake_link_script CMakeFiles/cmTC_e08c7.dir/link.txt --verbose=1
/usr/bin/cc      -rdynamic CMakeFiles/cmTC_e08c7.dir/CheckSymbolExists.c.o  -o cmTC_e08c7 
CMakeFiles/cmTC_e08c7.dir/CheckSymbolExists.c.o：在函数‘main’中：
CheckSymbolExists.c:(.text+0x1b)：对‘pthread_create’未定义的引用
collect2: error: ld returned 1 exit status
CMakeFiles/cmTC_e08c7.dir/build.make:97: recipe for target 'cmTC_e08c7' failed
make[1]: *** [cmTC_e08c7] Error 1
make[1]: 离开目录“/home/uav1/fuel_ws/build/map_generator/CMakeFiles/CMakeTmp”
Makefile:126: recipe for target 'cmTC_e08c7/fast' failed
make: *** [cmTC_e08c7/fast] Error 2

File /home/uav1/fuel_ws/build/map_generator/CMakeFiles/CMakeTmp/CheckSymbolExists.c:
/* */
#include <pthread.h>

int main(int argc, char** argv)
{
  (void)argv;
#ifndef pthread_create
  return ((int*)(&pthread_create))[argc];
#else
  (void)argc;
  return 0;
#endif
}

Determining if the function pthread_create exists in the pthreads failed with the following output:
Change Dir: /home/uav1/fuel_ws/build/map_generator/CMakeFiles/CMakeTmp

Run Build Command:"/usr/bin/make" "cmTC_21ecc/fast"
/usr/bin/make -f CMakeFiles/cmTC_21ecc.dir/build.make CMakeFiles/cmTC_21ecc.dir/build
make[1]: 进入目录“/home/uav1/fuel_ws/build/map_generator/CMakeFiles/CMakeTmp”
Building C object CMakeFiles/cmTC_21ecc.dir/CheckFunctionExists.c.o
/usr/bin/cc   -DCHECK_FUNCTION_EXISTS=pthread_create   -o CMakeFiles/cmTC_21ecc.dir/CheckFunctionExists.c.o   -c /usr/share/cmake-3.10/Modules/CheckFunctionExists.c
Linking C executable cmTC_21ecc
/usr/bin/cmake -E cmake_link_script CMakeFiles/cmTC_21ecc.dir/link.txt --verbose=1
/usr/bin/cc  -DCHECK_FUNCTION_EXISTS=pthread_create    -rdynamic CMakeFiles/cmTC_21ecc.dir/CheckFunctionExists.c.o  -o cmTC_21ecc -lpthreads 
/usr/bin/ld: 找不到 -lpthreads
collect2: error: ld returned 1 exit status
CMakeFiles/cmTC_21ecc.dir/build.make:97: recipe for target 'cmTC_21ecc' failed
make[1]: *** [cmTC_21ecc] Error 1
make[1]: 离开目录“/home/uav1/fuel_ws/build/map_generator/CMakeFiles/CMakeTmp”
Makefile:126: recipe for target 'cmTC_21ecc/fast' failed
make: *** [cmTC_21ecc/fast] Error 2


