Determining if the pthread_create exist failed with the following output:
Change Dir: /home/uav1/fuel_ws/build/exploration_manager/CMakeFiles/CMakeTmp

Run Build Command:"/usr/bin/make" "cmTC_115ab/fast"
/usr/bin/make -f CMakeFiles/cmTC_115ab.dir/build.make CMakeFiles/cmTC_115ab.dir/build
make[1]: 进入目录“/home/uav1/fuel_ws/build/exploration_manager/CMakeFiles/CMakeTmp”
Building C object CMakeFiles/cmTC_115ab.dir/CheckSymbolExists.c.o
/usr/bin/cc    -o CMakeFiles/cmTC_115ab.dir/CheckSymbolExists.c.o   -c /home/uav1/fuel_ws/build/exploration_manager/CMakeFiles/CMakeTmp/CheckSymbolExists.c
Linking C executable cmTC_115ab
/usr/bin/cmake -E cmake_link_script CMakeFiles/cmTC_115ab.dir/link.txt --verbose=1
/usr/bin/cc      -rdynamic CMakeFiles/cmTC_115ab.dir/CheckSymbolExists.c.o  -o cmTC_115ab 
CMakeFiles/cmTC_115ab.dir/CheckSymbolExists.c.o：在函数‘main’中：
CheckSymbolExists.c:(.text+0x1b)：对‘pthread_create’未定义的引用
collect2: error: ld returned 1 exit status
CMakeFiles/cmTC_115ab.dir/build.make:97: recipe for target 'cmTC_115ab' failed
make[1]: *** [cmTC_115ab] Error 1
make[1]: 离开目录“/home/uav1/fuel_ws/build/exploration_manager/CMakeFiles/CMakeTmp”
Makefile:126: recipe for target 'cmTC_115ab/fast' failed
make: *** [cmTC_115ab/fast] Error 2

File /home/uav1/fuel_ws/build/exploration_manager/CMakeFiles/CMakeTmp/CheckSymbolExists.c:
/* */
#include <pthread.h>

int main(int argc, char** argv)
{
  (void)argv;
#ifndef pthread_create
  return ((int*)(&pthread_create))[argc];
#else
  (void)argc;
  return 0;
#endif
}

Determining if the function pthread_create exists in the pthreads failed with the following output:
Change Dir: /home/uav1/fuel_ws/build/exploration_manager/CMakeFiles/CMakeTmp

Run Build Command:"/usr/bin/make" "cmTC_94be3/fast"
/usr/bin/make -f CMakeFiles/cmTC_94be3.dir/build.make CMakeFiles/cmTC_94be3.dir/build
make[1]: 进入目录“/home/uav1/fuel_ws/build/exploration_manager/CMakeFiles/CMakeTmp”
Building C object CMakeFiles/cmTC_94be3.dir/CheckFunctionExists.c.o
/usr/bin/cc   -DCHECK_FUNCTION_EXISTS=pthread_create   -o CMakeFiles/cmTC_94be3.dir/CheckFunctionExists.c.o   -c /usr/share/cmake-3.10/Modules/CheckFunctionExists.c
Linking C executable cmTC_94be3
/usr/bin/cmake -E cmake_link_script CMakeFiles/cmTC_94be3.dir/link.txt --verbose=1
/usr/bin/cc  -DCHECK_FUNCTION_EXISTS=pthread_create    -rdynamic CMakeFiles/cmTC_94be3.dir/CheckFunctionExists.c.o  -o cmTC_94be3 -lpthreads 
/usr/bin/ld: 找不到 -lpthreads
collect2: error: ld returned 1 exit status
CMakeFiles/cmTC_94be3.dir/build.make:97: recipe for target 'cmTC_94be3' failed
make[1]: *** [cmTC_94be3] Error 1
make[1]: 离开目录“/home/uav1/fuel_ws/build/exploration_manager/CMakeFiles/CMakeTmp”
Makefile:126: recipe for target 'cmTC_94be3/fast' failed
make: *** [cmTC_94be3/fast] Error 2


