Determining if the pthread_create exist failed with the following output:
Change Dir: /home/uav1/fuel_ws/build/cxr_egoctrl_v1/CMakeFiles/CMakeTmp

Run Build Command:"/usr/bin/make" "cmTC_ed34b/fast"
/usr/bin/make -f CMakeFiles/cmTC_ed34b.dir/build.make CMakeFiles/cmTC_ed34b.dir/build
make[1]: 进入目录“/home/uav1/fuel_ws/build/cxr_egoctrl_v1/CMakeFiles/CMakeTmp”
Building C object CMakeFiles/cmTC_ed34b.dir/CheckSymbolExists.c.o
/usr/bin/cc    -o CMakeFiles/cmTC_ed34b.dir/CheckSymbolExists.c.o   -c /home/uav1/fuel_ws/build/cxr_egoctrl_v1/CMakeFiles/CMakeTmp/CheckSymbolExists.c
Linking C executable cmTC_ed34b
/usr/bin/cmake -E cmake_link_script CMakeFiles/cmTC_ed34b.dir/link.txt --verbose=1
/usr/bin/cc      -rdynamic CMakeFiles/cmTC_ed34b.dir/CheckSymbolExists.c.o  -o cmTC_ed34b 
CMakeFiles/cmTC_ed34b.dir/CheckSymbolExists.c.o：在函数‘main’中：
CheckSymbolExists.c:(.text+0x1b)：对‘pthread_create’未定义的引用
collect2: error: ld returned 1 exit status
CMakeFiles/cmTC_ed34b.dir/build.make:97: recipe for target 'cmTC_ed34b' failed
make[1]: *** [cmTC_ed34b] Error 1
make[1]: 离开目录“/home/uav1/fuel_ws/build/cxr_egoctrl_v1/CMakeFiles/CMakeTmp”
Makefile:126: recipe for target 'cmTC_ed34b/fast' failed
make: *** [cmTC_ed34b/fast] Error 2

File /home/uav1/fuel_ws/build/cxr_egoctrl_v1/CMakeFiles/CMakeTmp/CheckSymbolExists.c:
/* */
#include <pthread.h>

int main(int argc, char** argv)
{
  (void)argv;
#ifndef pthread_create
  return ((int*)(&pthread_create))[argc];
#else
  (void)argc;
  return 0;
#endif
}

Determining if the function pthread_create exists in the pthreads failed with the following output:
Change Dir: /home/uav1/fuel_ws/build/cxr_egoctrl_v1/CMakeFiles/CMakeTmp

Run Build Command:"/usr/bin/make" "cmTC_49178/fast"
/usr/bin/make -f CMakeFiles/cmTC_49178.dir/build.make CMakeFiles/cmTC_49178.dir/build
make[1]: 进入目录“/home/uav1/fuel_ws/build/cxr_egoctrl_v1/CMakeFiles/CMakeTmp”
Building C object CMakeFiles/cmTC_49178.dir/CheckFunctionExists.c.o
/usr/bin/cc   -DCHECK_FUNCTION_EXISTS=pthread_create   -o CMakeFiles/cmTC_49178.dir/CheckFunctionExists.c.o   -c /usr/share/cmake-3.10/Modules/CheckFunctionExists.c
Linking C executable cmTC_49178
/usr/bin/cmake -E cmake_link_script CMakeFiles/cmTC_49178.dir/link.txt --verbose=1
/usr/bin/cc  -DCHECK_FUNCTION_EXISTS=pthread_create    -rdynamic CMakeFiles/cmTC_49178.dir/CheckFunctionExists.c.o  -o cmTC_49178 -lpthreads 
/usr/bin/ld: 找不到 -lpthreads
collect2: error: ld returned 1 exit status
CMakeFiles/cmTC_49178.dir/build.make:97: recipe for target 'cmTC_49178' failed
make[1]: *** [cmTC_49178] Error 1
make[1]: 离开目录“/home/uav1/fuel_ws/build/cxr_egoctrl_v1/CMakeFiles/CMakeTmp”
Makefile:126: recipe for target 'cmTC_49178/fast' failed
make: *** [cmTC_49178/fast] Error 2


