Determining if the pthread_create exist failed with the following output:
Change Dir: /home/uav1/fuel_ws/build/active_perception/CMakeFiles/CMakeTmp

Run Build Command:"/usr/bin/make" "cmTC_c15bd/fast"
/usr/bin/make -f CMakeFiles/cmTC_c15bd.dir/build.make CMakeFiles/cmTC_c15bd.dir/build
make[1]: 进入目录“/home/uav1/fuel_ws/build/active_perception/CMakeFiles/CMakeTmp”
Building C object CMakeFiles/cmTC_c15bd.dir/CheckSymbolExists.c.o
/usr/bin/cc    -o CMakeFiles/cmTC_c15bd.dir/CheckSymbolExists.c.o   -c /home/uav1/fuel_ws/build/active_perception/CMakeFiles/CMakeTmp/CheckSymbolExists.c
Linking C executable cmTC_c15bd
/usr/bin/cmake -E cmake_link_script CMakeFiles/cmTC_c15bd.dir/link.txt --verbose=1
/usr/bin/cc      -rdynamic CMakeFiles/cmTC_c15bd.dir/CheckSymbolExists.c.o  -o cmTC_c15bd 
CMakeFiles/cmTC_c15bd.dir/CheckSymbolExists.c.o：在函数‘main’中：
CheckSymbolExists.c:(.text+0x1b)：对‘pthread_create’未定义的引用
collect2: error: ld returned 1 exit status
CMakeFiles/cmTC_c15bd.dir/build.make:97: recipe for target 'cmTC_c15bd' failed
make[1]: *** [cmTC_c15bd] Error 1
make[1]: 离开目录“/home/uav1/fuel_ws/build/active_perception/CMakeFiles/CMakeTmp”
Makefile:126: recipe for target 'cmTC_c15bd/fast' failed
make: *** [cmTC_c15bd/fast] Error 2

File /home/uav1/fuel_ws/build/active_perception/CMakeFiles/CMakeTmp/CheckSymbolExists.c:
/* */
#include <pthread.h>

int main(int argc, char** argv)
{
  (void)argv;
#ifndef pthread_create
  return ((int*)(&pthread_create))[argc];
#else
  (void)argc;
  return 0;
#endif
}

Determining if the function pthread_create exists in the pthreads failed with the following output:
Change Dir: /home/uav1/fuel_ws/build/active_perception/CMakeFiles/CMakeTmp

Run Build Command:"/usr/bin/make" "cmTC_fa2bc/fast"
/usr/bin/make -f CMakeFiles/cmTC_fa2bc.dir/build.make CMakeFiles/cmTC_fa2bc.dir/build
make[1]: 进入目录“/home/uav1/fuel_ws/build/active_perception/CMakeFiles/CMakeTmp”
Building C object CMakeFiles/cmTC_fa2bc.dir/CheckFunctionExists.c.o
/usr/bin/cc   -DCHECK_FUNCTION_EXISTS=pthread_create   -o CMakeFiles/cmTC_fa2bc.dir/CheckFunctionExists.c.o   -c /usr/share/cmake-3.10/Modules/CheckFunctionExists.c
Linking C executable cmTC_fa2bc
/usr/bin/cmake -E cmake_link_script CMakeFiles/cmTC_fa2bc.dir/link.txt --verbose=1
/usr/bin/cc  -DCHECK_FUNCTION_EXISTS=pthread_create    -rdynamic CMakeFiles/cmTC_fa2bc.dir/CheckFunctionExists.c.o  -o cmTC_fa2bc -lpthreads 
/usr/bin/ld: 找不到 -lpthreads
collect2: error: ld returned 1 exit status
CMakeFiles/cmTC_fa2bc.dir/build.make:97: recipe for target 'cmTC_fa2bc' failed
make[1]: *** [cmTC_fa2bc] Error 1
make[1]: 离开目录“/home/uav1/fuel_ws/build/active_perception/CMakeFiles/CMakeTmp”
Makefile:126: recipe for target 'cmTC_fa2bc/fast' failed
make: *** [cmTC_fa2bc/fast] Error 2


