Determining if the pthread_create exist failed with the following output:
Change Dir: /home/uav1/fuel_ws/build/bspline/CMakeFiles/CMakeTmp

Run Build Command:"/usr/bin/make" "cmTC_9e561/fast"
/usr/bin/make -f CMakeFiles/cmTC_9e561.dir/build.make CMakeFiles/cmTC_9e561.dir/build
make[1]: 进入目录“/home/uav1/fuel_ws/build/bspline/CMakeFiles/CMakeTmp”
Building C object CMakeFiles/cmTC_9e561.dir/CheckSymbolExists.c.o
/usr/bin/cc    -o CMakeFiles/cmTC_9e561.dir/CheckSymbolExists.c.o   -c /home/uav1/fuel_ws/build/bspline/CMakeFiles/CMakeTmp/CheckSymbolExists.c
Linking C executable cmTC_9e561
/usr/bin/cmake -E cmake_link_script CMakeFiles/cmTC_9e561.dir/link.txt --verbose=1
/usr/bin/cc      -rdynamic CMakeFiles/cmTC_9e561.dir/CheckSymbolExists.c.o  -o cmTC_9e561 
CMakeFiles/cmTC_9e561.dir/CheckSymbolExists.c.o：在函数‘main’中：
CheckSymbolExists.c:(.text+0x1b)：对‘pthread_create’未定义的引用
collect2: error: ld returned 1 exit status
CMakeFiles/cmTC_9e561.dir/build.make:97: recipe for target 'cmTC_9e561' failed
make[1]: *** [cmTC_9e561] Error 1
make[1]: 离开目录“/home/uav1/fuel_ws/build/bspline/CMakeFiles/CMakeTmp”
Makefile:126: recipe for target 'cmTC_9e561/fast' failed
make: *** [cmTC_9e561/fast] Error 2

File /home/uav1/fuel_ws/build/bspline/CMakeFiles/CMakeTmp/CheckSymbolExists.c:
/* */
#include <pthread.h>

int main(int argc, char** argv)
{
  (void)argv;
#ifndef pthread_create
  return ((int*)(&pthread_create))[argc];
#else
  (void)argc;
  return 0;
#endif
}

Determining if the function pthread_create exists in the pthreads failed with the following output:
Change Dir: /home/uav1/fuel_ws/build/bspline/CMakeFiles/CMakeTmp

Run Build Command:"/usr/bin/make" "cmTC_80546/fast"
/usr/bin/make -f CMakeFiles/cmTC_80546.dir/build.make CMakeFiles/cmTC_80546.dir/build
make[1]: 进入目录“/home/uav1/fuel_ws/build/bspline/CMakeFiles/CMakeTmp”
Building C object CMakeFiles/cmTC_80546.dir/CheckFunctionExists.c.o
/usr/bin/cc   -DCHECK_FUNCTION_EXISTS=pthread_create   -o CMakeFiles/cmTC_80546.dir/CheckFunctionExists.c.o   -c /usr/share/cmake-3.10/Modules/CheckFunctionExists.c
Linking C executable cmTC_80546
/usr/bin/cmake -E cmake_link_script CMakeFiles/cmTC_80546.dir/link.txt --verbose=1
/usr/bin/cc  -DCHECK_FUNCTION_EXISTS=pthread_create    -rdynamic CMakeFiles/cmTC_80546.dir/CheckFunctionExists.c.o  -o cmTC_80546 -lpthreads 
/usr/bin/ld: 找不到 -lpthreads
collect2: error: ld returned 1 exit status
CMakeFiles/cmTC_80546.dir/build.make:97: recipe for target 'cmTC_80546' failed
make[1]: *** [cmTC_80546] Error 1
make[1]: 离开目录“/home/uav1/fuel_ws/build/bspline/CMakeFiles/CMakeTmp”
Makefile:126: recipe for target 'cmTC_80546/fast' failed
make: *** [cmTC_80546/fast] Error 2


