[01m[K/home/uav1/fuel_ws/src/exploration/exploration_controller/src/DataManager/data_ros_output.cpp:32:6:[m[K [01;31m[Kerror: [m[Kprototype for ‘[01m[Kvoid DataRosOutput::sendDesireState(const UavState&, const UavState&)[m[K’ does not match any in class ‘[01m[KDataRosOutput[m[K’
 void [01;31m[KDataRosOutput[m[K::sendDesireState(const UavState &desire_state,
      [01;31m[K^~~~~~~~~~~~~[m[K
In file included from [01m[K/home/uav1/fuel_ws/src/exploration/exploration_controller/src/DataManager/data_ros_output.cpp:1:0[m[K:
[01m[K/home/uav1/fuel_ws/src/exploration/exploration_controller/include/DataManager/data_ros_output.h:21:8:[m[K [01;31m[Kerror: [m[Kcandidate is: void DataRosOutput::sendDesireState(const UavState&)
   void [01;31m[KsendDesireState[m[K(const UavState &desire_state);
        [01;31m[K^~~~~~~~~~~~~~~[m[K
In file included from [01m[K/opt/ros/melodic/include/ros/ros.h:40:0[m[K,
                 from [01m[K/home/uav1/fuel_ws/src/exploration/exploration_controller/include/DataManager/data_ros_input.h:7[m[K,
                 from [01m[K/home/uav1/fuel_ws/src/exploration/exploration_controller/include/DataManager/data_manager.h:4[m[K,
                 from [01m[K/home/uav1/fuel_ws/src/exploration/exploration_controller/src/DataManager/data_manager.cpp:1[m[K:
[01m[K/home/uav1/fuel_ws/src/exploration/exploration_controller/src/DataManager/data_manager.cpp:[m[K In member function ‘[01m[Kvoid DataManager::update()[m[K’:
[01m[K/opt/ros/melodic/include/ros/console.h:348:176:[m[K [01;35m[Kwarning: [m[Kformat ‘[01m[K%d[m[K’ expects argument of type ‘[01m[Kint[m[K’, but argument 8 has type ‘[01m[Kstd::queue<UavState>::size_type {aka long unsigned int}[m[K’ [[01;35m[K-Wformat=[m[K]
     ::ros::console::print(filter, __rosconsole_define_location__loc.logger_, __rosconsole_define_location__loc.level_, __FILE__, __LINE__, __ROSCONSOLE_FUNCTION__, __VA_ARGS__[01;35m[K)[m[K
                                                                                                                                                                                [01;35m[K^[m[K
[01m[K/opt/ros/melodic/include/ros/console.h:351:5:[m[K [01;36m[Knote: [m[Kin expansion of macro ‘[01m[KROSCONSOLE_PRINT_AT_LOCATION_WITH_FILTER[m[K’
     [01;36m[KROSCONSOLE_PRINT_AT_LOCATION_WITH_FILTER[m[K(NULL, __VA_ARGS__)
     [01;36m[K^~~~~~~~~~~~~~~~~~~~~~~~~~~~~~~~~~~~~~~~[m[K
[01m[K/opt/ros/melodic/include/ros/console.h:387:7:[m[K [01;36m[Knote: [m[Kin expansion of macro ‘[01m[KROSCONSOLE_PRINT_AT_LOCATION[m[K’
       [01;36m[KROSCONSOLE_PRINT_AT_LOCATION[m[K(__VA_ARGS__); \
       [01;36m[K^~~~~~~~~~~~~~~~~~~~~~~~~~~~[m[K
[01m[K/opt/ros/melodic/include/ros/console.h:572:35:[m[K [01;36m[Knote: [m[Kin expansion of macro ‘[01m[KROS_LOG_COND[m[K’
 #define ROS_LOG(level, name, ...) [01;36m[KROS_LOG_COND[m[K(true, level, name, __VA_ARGS__)
                                   [01;36m[K^~~~~~~~~~~~[m[K
[01m[K/opt/ros/melodic/include/rosconsole/macros_generated.h:162:23:[m[K [01;36m[Knote: [m[Kin expansion of macro ‘[01m[KROS_LOG[m[K’
 #define ROS_WARN(...) [01;36m[KROS_LOG[m[K(::ros::console::levels::Warn, ROSCONSOLE_DEFAULT_NAME, __VA_ARGS__)
                       [01;36m[K^~~~~~~[m[K
[01m[K/home/uav1/fuel_ws/src/exploration/exploration_controller/src/DataManager/data_manager.cpp:46:3:[m[K [01;36m[Knote: [m[Kin expansion of macro ‘[01m[KROS_WARN[m[K’
   [01;36m[KR[m[KOS_WARN("队列大小：%d", plan_queue_.size());
   [01;36m[K^[m[K
[01m[K/home/uav1/fuel_ws/src/exploration/exploration_controller/src/DataManager/data_manager.cpp:[m[K In member function ‘[01m[Kvoid DataManager::spin()[m[K’:
[01m[K/home/uav1/fuel_ws/src/exploration/exploration_controller/src/DataManager/data_manager.cpp:148:55:[m[K [01;31m[Kerror: [m[Kno matching function for call to ‘[01m[KDataRosOutput::sendDesireState(UavState&, UavState&)[m[K’
     data_output_->sendDesireState(takeoff_state, odom_[01;31m[K)[m[K;
                                                       [01;31m[K^[m[K
In file included from [01m[K/home/uav1/fuel_ws/src/exploration/exploration_controller/include/DataManager/data_manager.h:5:0[m[K,
                 from [01m[K/home/uav1/fuel_ws/src/exploration/exploration_controller/src/DataManager/data_manager.cpp:1[m[K:
[01m[K/home/uav1/fuel_ws/src/exploration/exploration_controller/include/DataManager/data_ros_output.h:21:8:[m[K [01;36m[Knote: [m[Kcandidate: void DataRosOutput::sendDesireState(const UavState&)
   void [01;36m[KsendDesireState[m[K(const UavState &desire_state);
        [01;36m[K^~~~~~~~~~~~~~~[m[K
[01m[K/home/uav1/fuel_ws/src/exploration/exploration_controller/include/DataManager/data_ros_output.h:21:8:[m[K [01;36m[Knote: [m[K  candidate expects 1 argument, 2 provided
[01m[K/home/uav1/fuel_ws/src/exploration/exploration_controller/src/DataManager/data_manager.cpp:[m[K In member function ‘[01m[Kvoid DataManager::spin1()[m[K’:
[01m[K/home/uav1/fuel_ws/src/exploration/exploration_controller/src/DataManager/data_manager.cpp:171:64:[m[K [01;31m[Kerror: [m[Kno matching function for call to ‘[01m[KDataRosOutput::sendDesireState(UavState&, UavState&)[m[K’
     data_output_->sendDesireState(last_desire_uav_state_, odom_[01;31m[K)[m[K;
                                                                [01;31m[K^[m[K
In file included from [01m[K/home/uav1/fuel_ws/src/exploration/exploration_controller/include/DataManager/data_manager.h:5:0[m[K,
                 from [01m[K/home/uav1/fuel_ws/src/exploration/exploration_controller/src/DataManager/data_manager.cpp:1[m[K:
[01m[K/home/uav1/fuel_ws/src/exploration/exploration_controller/include/DataManager/data_ros_output.h:21:8:[m[K [01;36m[Knote: [m[Kcandidate: void DataRosOutput::sendDesireState(const UavState&)
   void [01;36m[KsendDesireState[m[K(const UavState &desire_state);
        [01;36m[K^~~~~~~~~~~~~~~[m[K
[01m[K/home/uav1/fuel_ws/src/exploration/exploration_controller/include/DataManager/data_ros_output.h:21:8:[m[K [01;36m[Knote: [m[K  candidate expects 1 argument, 2 provided
[01m[K/home/uav1/fuel_ws/src/exploration/exploration_controller/src/DataManager/data_manager.cpp:[m[K In member function ‘[01m[Kvoid DataManager::takeoff()[m[K’:
[01m[K/home/uav1/fuel_ws/src/exploration/exploration_controller/src/DataManager/data_manager.cpp:219:53:[m[K [01;31m[Kerror: [m[Kno matching function for call to ‘[01m[KDataRosOutput::sendDesireState(UavState&, UavState&)[m[K’
   data_output_->sendDesireState(takeoff_state, odom_[01;31m[K)[m[K;
                                                     [01;31m[K^[m[K
In file included from [01m[K/home/uav1/fuel_ws/src/exploration/exploration_controller/include/DataManager/data_manager.h:5:0[m[K,
                 from [01m[K/home/uav1/fuel_ws/src/exploration/exploration_controller/src/DataManager/data_manager.cpp:1[m[K:
[01m[K/home/uav1/fuel_ws/src/exploration/exploration_controller/include/DataManager/data_ros_output.h:21:8:[m[K [01;36m[Knote: [m[Kcandidate: void DataRosOutput::sendDesireState(const UavState&)
   void [01;36m[KsendDesireState[m[K(const UavState &desire_state);
        [01;36m[K^~~~~~~~~~~~~~~[m[K
[01m[K/home/uav1/fuel_ws/src/exploration/exploration_controller/include/DataManager/data_ros_output.h:21:8:[m[K [01;36m[Knote: [m[K  candidate expects 1 argument, 2 provided
[01m[K/home/uav1/fuel_ws/src/exploration/exploration_controller/src/DataManager/data_manager.cpp:[m[K In member function ‘[01m[Kvoid DataManager::Execute()[m[K’:
[01m[K/home/uav1/fuel_ws/src/exploration/exploration_controller/src/DataManager/data_manager.cpp:249:64:[m[K [01;31m[Kerror: [m[Kno matching function for call to ‘[01m[KDataRosOutput::sendDesireState(UavState&, UavState&)[m[K’
     data_output_->sendDesireState(last_desire_uav_state_, odom_[01;31m[K)[m[K;
                                                                [01;31m[K^[m[K
In file included from [01m[K/home/uav1/fuel_ws/src/exploration/exploration_controller/include/DataManager/data_manager.h:5:0[m[K,
                 from [01m[K/home/uav1/fuel_ws/src/exploration/exploration_controller/src/DataManager/data_manager.cpp:1[m[K:
[01m[K/home/uav1/fuel_ws/src/exploration/exploration_controller/include/DataManager/data_ros_output.h:21:8:[m[K [01;36m[Knote: [m[Kcandidate: void DataRosOutput::sendDesireState(const UavState&)
   void [01;36m[KsendDesireState[m[K(const UavState &desire_state);
        [01;36m[K^~~~~~~~~~~~~~~[m[K
[01m[K/home/uav1/fuel_ws/src/exploration/exploration_controller/include/DataManager/data_ros_output.h:21:8:[m[K [01;36m[Knote: [m[K  candidate expects 1 argument, 2 provided
[01m[K/home/uav1/fuel_ws/src/exploration/exploration_controller/src/DataManager/data_manager.cpp:266:55:[m[K [01;31m[Kerror: [m[Kno matching function for call to ‘[01m[KDataRosOutput::sendDesireState(UavState&, UavState&)[m[K’
     data_output_->sendDesireState(cur_uav_state, odom_[01;31m[K)[m[K;
                                                       [01;31m[K^[m[K
In file included from [01m[K/home/uav1/fuel_ws/src/exploration/exploration_controller/include/DataManager/data_manager.h:5:0[m[K,
                 from [01m[K/home/uav1/fuel_ws/src/exploration/exploration_controller/src/DataManager/data_manager.cpp:1[m[K:
[01m[K/home/uav1/fuel_ws/src/exploration/exploration_controller/include/DataManager/data_ros_output.h:21:8:[m[K [01;36m[Knote: [m[Kcandidate: void DataRosOutput::sendDesireState(const UavState&)
   void [01;36m[KsendDesireState[m[K(const UavState &desire_state);
        [01;36m[K^~~~~~~~~~~~~~~[m[K
[01m[K/home/uav1/fuel_ws/src/exploration/exploration_controller/include/DataManager/data_ros_output.h:21:8:[m[K [01;36m[Knote: [m[K  candidate expects 1 argument, 2 provided
make[2]: *** [CMakeFiles/exploration_controller.dir/src/DataManager/data_ros_output.cpp.o] Error 1
make[2]: *** 正在等待未完成的任务....
make[2]: *** [CMakeFiles/exploration_controller.dir/src/DataManager/data_manager.cpp.o] Error 1
make[1]: *** [CMakeFiles/exploration_controller.dir/all] Error 2
make: *** [all] Error 2
