Determining if the pthread_create exist failed with the following output:
Change Dir: /home/uav1/fuel_ws/build/quadrotor_msgs/CMakeFiles/CMakeTmp

Run Build Command:"/usr/bin/make" "cmTC_0f1de/fast"
/usr/bin/make -f CMakeFiles/cmTC_0f1de.dir/build.make CMakeFiles/cmTC_0f1de.dir/build
make[1]: 进入目录“/home/uav1/fuel_ws/build/quadrotor_msgs/CMakeFiles/CMakeTmp”
Building C object CMakeFiles/cmTC_0f1de.dir/CheckSymbolExists.c.o
/usr/bin/cc    -o CMakeFiles/cmTC_0f1de.dir/CheckSymbolExists.c.o   -c /home/uav1/fuel_ws/build/quadrotor_msgs/CMakeFiles/CMakeTmp/CheckSymbolExists.c
Linking C executable cmTC_0f1de
/usr/bin/cmake -E cmake_link_script CMakeFiles/cmTC_0f1de.dir/link.txt --verbose=1
/usr/bin/cc      -rdynamic CMakeFiles/cmTC_0f1de.dir/CheckSymbolExists.c.o  -o cmTC_0f1de 
CMakeFiles/cmTC_0f1de.dir/CheckSymbolExists.c.o：在函数‘main’中：
CheckSymbolExists.c:(.text+0x1b)：对‘pthread_create’未定义的引用
collect2: error: ld returned 1 exit status
CMakeFiles/cmTC_0f1de.dir/build.make:97: recipe for target 'cmTC_0f1de' failed
make[1]: *** [cmTC_0f1de] Error 1
make[1]: 离开目录“/home/uav1/fuel_ws/build/quadrotor_msgs/CMakeFiles/CMakeTmp”
Makefile:126: recipe for target 'cmTC_0f1de/fast' failed
make: *** [cmTC_0f1de/fast] Error 2

File /home/uav1/fuel_ws/build/quadrotor_msgs/CMakeFiles/CMakeTmp/CheckSymbolExists.c:
/* */
#include <pthread.h>

int main(int argc, char** argv)
{
  (void)argv;
#ifndef pthread_create
  return ((int*)(&pthread_create))[argc];
#else
  (void)argc;
  return 0;
#endif
}

Determining if the function pthread_create exists in the pthreads failed with the following output:
Change Dir: /home/uav1/fuel_ws/build/quadrotor_msgs/CMakeFiles/CMakeTmp

Run Build Command:"/usr/bin/make" "cmTC_c28b8/fast"
/usr/bin/make -f CMakeFiles/cmTC_c28b8.dir/build.make CMakeFiles/cmTC_c28b8.dir/build
make[1]: 进入目录“/home/uav1/fuel_ws/build/quadrotor_msgs/CMakeFiles/CMakeTmp”
Building C object CMakeFiles/cmTC_c28b8.dir/CheckFunctionExists.c.o
/usr/bin/cc   -DCHECK_FUNCTION_EXISTS=pthread_create   -o CMakeFiles/cmTC_c28b8.dir/CheckFunctionExists.c.o   -c /usr/share/cmake-3.10/Modules/CheckFunctionExists.c
Linking C executable cmTC_c28b8
/usr/bin/cmake -E cmake_link_script CMakeFiles/cmTC_c28b8.dir/link.txt --verbose=1
/usr/bin/cc  -DCHECK_FUNCTION_EXISTS=pthread_create    -rdynamic CMakeFiles/cmTC_c28b8.dir/CheckFunctionExists.c.o  -o cmTC_c28b8 -lpthreads 
/usr/bin/ld: 找不到 -lpthreads
collect2: error: ld returned 1 exit status
CMakeFiles/cmTC_c28b8.dir/build.make:97: recipe for target 'cmTC_c28b8' failed
make[1]: *** [cmTC_c28b8] Error 1
make[1]: 离开目录“/home/uav1/fuel_ws/build/quadrotor_msgs/CMakeFiles/CMakeTmp”
Makefile:126: recipe for target 'cmTC_c28b8/fast' failed
make: *** [cmTC_c28b8/fast] Error 2


