/usr/bin/cmake -H/home/uav1/fuel_ws/src/exploration/FUEL/uav_simulator/Utils/waypoint_generator -B/home/uav1/fuel_ws/build/waypoint_generator --check-build-system CMakeFiles/Makefile.cmake 0
/usr/bin/cmake -E cmake_progress_start /home/uav1/fuel_ws/build/waypoint_generator/CMakeFiles /home/uav1/fuel_ws/build/waypoint_generator/CMakeFiles/progress.marks
/usr/bin/make -f CMakeFiles/Makefile2 all
make[1]: 进入目录“/home/uav1/fuel_ws/build/waypoint_generator”
/usr/bin/make -f CMakeFiles/waypoint_generator.dir/build.make CMakeFiles/waypoint_generator.dir/depend
make[2]: 进入目录“/home/uav1/fuel_ws/build/waypoint_generator”
cd /home/uav1/fuel_ws/build/waypoint_generator && /usr/bin/cmake -E cmake_depends "Unix Makefiles" /home/uav1/fuel_ws/src/exploration/FUEL/uav_simulator/Utils/waypoint_generator /home/uav1/fuel_ws/src/exploration/FUEL/uav_simulator/Utils/waypoint_generator /home/uav1/fuel_ws/build/waypoint_generator /home/uav1/fuel_ws/build/waypoint_generator /home/uav1/fuel_ws/build/waypoint_generator/CMakeFiles/waypoint_generator.dir/DependInfo.cmake --color=
[35m[1mScanning dependencies of target waypoint_generator[0m
make[2]: 离开目录“/home/uav1/fuel_ws/build/waypoint_generator”
/usr/bin/make -f CMakeFiles/waypoint_generator.dir/build.make CMakeFiles/waypoint_generator.dir/build
make[2]: 进入目录“/home/uav1/fuel_ws/build/waypoint_generator”
[ 50%] [32mBuilding CXX object CMakeFiles/waypoint_generator.dir/src/waypoint_generator.cpp.o[0m
/usr/bin/c++  -DROSCONSOLE_BACKEND_LOG4CXX -DROS_BUILD_SHARED_LIBS=1 -DROS_PACKAGE_NAME=\"waypoint_generator\" -I/home/uav1/fuel_ws/src/exploration/FUEL/uav_simulator/Utils/waypoint_generator/include -I/opt/ros/melodic/include -I/opt/ros/melodic/share/xmlrpcpp/cmake/../../../include/xmlrpcpp  -std=c++11 -Wall -O3 -march=native   -o CMakeFiles/waypoint_generator.dir/src/waypoint_generator.cpp.o -c /home/uav1/fuel_ws/src/exploration/FUEL/uav_simulator/Utils/waypoint_generator/src/waypoint_generator.cpp
[100%] [32m[1mLinking CXX executable /home/uav1/fuel_ws/devel/.private/waypoint_generator/lib/waypoint_generator/waypoint_generator[0m
/usr/bin/cmake -E cmake_link_script CMakeFiles/waypoint_generator.dir/link.txt --verbose=1
/usr/bin/c++   -std=c++11 -Wall -O3 -march=native  -rdynamic CMakeFiles/waypoint_generator.dir/src/waypoint_generator.cpp.o  -o /home/uav1/fuel_ws/devel/.private/waypoint_generator/lib/waypoint_generator/waypoint_generator -Wl,-rpath,/opt/ros/melodic/lib /opt/ros/melodic/lib/libtf.so /opt/ros/melodic/lib/libtf2_ros.so /opt/ros/melodic/lib/libactionlib.so /opt/ros/melodic/lib/libmessage_filters.so /opt/ros/melodic/lib/libroscpp.so -lboost_filesystem /opt/ros/melodic/lib/libxmlrpcpp.so /opt/ros/melodic/lib/libtf2.so /opt/ros/melodic/lib/librosconsole.so /opt/ros/melodic/lib/librosconsole_log4cxx.so /opt/ros/melodic/lib/librosconsole_backend_interface.so -llog4cxx -lboost_regex /opt/ros/melodic/lib/libroscpp_serialization.so /opt/ros/melodic/lib/librostime.so /opt/ros/melodic/lib/libcpp_common.so -lboost_system -lboost_thread -lboost_chrono -lboost_date_time -lboost_atomic -lpthread /usr/lib/x86_64-linux-gnu/libconsole_bridge.so.0.4 
make[2]: 离开目录“/home/uav1/fuel_ws/build/waypoint_generator”
[100%] Built target waypoint_generator
make[1]: 离开目录“/home/uav1/fuel_ws/build/waypoint_generator”
/usr/bin/cmake -E cmake_progress_start /home/uav1/fuel_ws/build/waypoint_generator/CMakeFiles 0
