Determining if the pthread_create exist failed with the following output:
Change Dir: /home/uav1/ego+ctrl/info_trans/build/CMakeFiles/CMakeTmp

Run Build Command:"/usr/bin/make" "cmTC_43ccb/fast"
/usr/bin/make -f CMakeFiles/cmTC_43ccb.dir/build.make CMakeFiles/cmTC_43ccb.dir/build
make[1]: 进入目录“/home/uav1/ego+ctrl/info_trans/build/CMakeFiles/CMakeTmp”
Building C object CMakeFiles/cmTC_43ccb.dir/CheckSymbolExists.c.o
/usr/bin/cc    -o CMakeFiles/cmTC_43ccb.dir/CheckSymbolExists.c.o   -c /home/uav1/ego+ctrl/info_trans/build/CMakeFiles/CMakeTmp/CheckSymbolExists.c
Linking C executable cmTC_43ccb
/usr/bin/cmake -E cmake_link_script CMakeFiles/cmTC_43ccb.dir/link.txt --verbose=1
/usr/bin/cc      -rdynamic CMakeFiles/cmTC_43ccb.dir/CheckSymbolExists.c.o  -o cmTC_43ccb 
CMakeFiles/cmTC_43ccb.dir/CheckSymbolExists.c.o：在函数‘main’中：
CheckSymbolExists.c:(.text+0x1b)：对‘pthread_create’未定义的引用
collect2: error: ld returned 1 exit status
CMakeFiles/cmTC_43ccb.dir/build.make:97: recipe for target 'cmTC_43ccb' failed
make[1]: *** [cmTC_43ccb] Error 1
make[1]: 离开目录“/home/uav1/ego+ctrl/info_trans/build/CMakeFiles/CMakeTmp”
Makefile:126: recipe for target 'cmTC_43ccb/fast' failed
make: *** [cmTC_43ccb/fast] Error 2

File /home/uav1/ego+ctrl/info_trans/build/CMakeFiles/CMakeTmp/CheckSymbolExists.c:
/* */
#include <pthread.h>

int main(int argc, char** argv)
{
  (void)argv;
#ifndef pthread_create
  return ((int*)(&pthread_create))[argc];
#else
  (void)argc;
  return 0;
#endif
}

Determining if the function pthread_create exists in the pthreads failed with the following output:
Change Dir: /home/uav1/ego+ctrl/info_trans/build/CMakeFiles/CMakeTmp

Run Build Command:"/usr/bin/make" "cmTC_cf553/fast"
/usr/bin/make -f CMakeFiles/cmTC_cf553.dir/build.make CMakeFiles/cmTC_cf553.dir/build
make[1]: 进入目录“/home/uav1/ego+ctrl/info_trans/build/CMakeFiles/CMakeTmp”
Building C object CMakeFiles/cmTC_cf553.dir/CheckFunctionExists.c.o
/usr/bin/cc   -DCHECK_FUNCTION_EXISTS=pthread_create   -o CMakeFiles/cmTC_cf553.dir/CheckFunctionExists.c.o   -c /usr/share/cmake-3.10/Modules/CheckFunctionExists.c
Linking C executable cmTC_cf553
/usr/bin/cmake -E cmake_link_script CMakeFiles/cmTC_cf553.dir/link.txt --verbose=1
/usr/bin/cc  -DCHECK_FUNCTION_EXISTS=pthread_create    -rdynamic CMakeFiles/cmTC_cf553.dir/CheckFunctionExists.c.o  -o cmTC_cf553 -lpthreads 
/usr/bin/ld: 找不到 -lpthreads
collect2: error: ld returned 1 exit status
CMakeFiles/cmTC_cf553.dir/build.make:97: recipe for target 'cmTC_cf553' failed
make[1]: *** [cmTC_cf553] Error 1
make[1]: 离开目录“/home/uav1/ego+ctrl/info_trans/build/CMakeFiles/CMakeTmp”
Makefile:126: recipe for target 'cmTC_cf553/fast' failed
make: *** [cmTC_cf553/fast] Error 2


