Determining if the pthread_create exist failed with the following output:
Change Dir: /home/uav1/fuel_ws/build/odom_visualization/CMakeFiles/CMakeTmp

Run Build Command:"/usr/bin/make" "cmTC_0d11e/fast"
/usr/bin/make -f CMakeFiles/cmTC_0d11e.dir/build.make CMakeFiles/cmTC_0d11e.dir/build
make[1]: 进入目录“/home/uav1/fuel_ws/build/odom_visualization/CMakeFiles/CMakeTmp”
Building C object CMakeFiles/cmTC_0d11e.dir/CheckSymbolExists.c.o
/usr/bin/cc    -o CMakeFiles/cmTC_0d11e.dir/CheckSymbolExists.c.o   -c /home/uav1/fuel_ws/build/odom_visualization/CMakeFiles/CMakeTmp/CheckSymbolExists.c
Linking C executable cmTC_0d11e
/usr/bin/cmake -E cmake_link_script CMakeFiles/cmTC_0d11e.dir/link.txt --verbose=1
/usr/bin/cc      -rdynamic CMakeFiles/cmTC_0d11e.dir/CheckSymbolExists.c.o  -o cmTC_0d11e 
CMakeFiles/cmTC_0d11e.dir/CheckSymbolExists.c.o：在函数‘main’中：
CheckSymbolExists.c:(.text+0x1b)：对‘pthread_create’未定义的引用
collect2: error: ld returned 1 exit status
CMakeFiles/cmTC_0d11e.dir/build.make:97: recipe for target 'cmTC_0d11e' failed
make[1]: *** [cmTC_0d11e] Error 1
make[1]: 离开目录“/home/uav1/fuel_ws/build/odom_visualization/CMakeFiles/CMakeTmp”
Makefile:126: recipe for target 'cmTC_0d11e/fast' failed
make: *** [cmTC_0d11e/fast] Error 2

File /home/uav1/fuel_ws/build/odom_visualization/CMakeFiles/CMakeTmp/CheckSymbolExists.c:
/* */
#include <pthread.h>

int main(int argc, char** argv)
{
  (void)argv;
#ifndef pthread_create
  return ((int*)(&pthread_create))[argc];
#else
  (void)argc;
  return 0;
#endif
}

Determining if the function pthread_create exists in the pthreads failed with the following output:
Change Dir: /home/uav1/fuel_ws/build/odom_visualization/CMakeFiles/CMakeTmp

Run Build Command:"/usr/bin/make" "cmTC_82843/fast"
/usr/bin/make -f CMakeFiles/cmTC_82843.dir/build.make CMakeFiles/cmTC_82843.dir/build
make[1]: 进入目录“/home/uav1/fuel_ws/build/odom_visualization/CMakeFiles/CMakeTmp”
Building C object CMakeFiles/cmTC_82843.dir/CheckFunctionExists.c.o
/usr/bin/cc   -DCHECK_FUNCTION_EXISTS=pthread_create   -o CMakeFiles/cmTC_82843.dir/CheckFunctionExists.c.o   -c /usr/share/cmake-3.10/Modules/CheckFunctionExists.c
Linking C executable cmTC_82843
/usr/bin/cmake -E cmake_link_script CMakeFiles/cmTC_82843.dir/link.txt --verbose=1
/usr/bin/cc  -DCHECK_FUNCTION_EXISTS=pthread_create    -rdynamic CMakeFiles/cmTC_82843.dir/CheckFunctionExists.c.o  -o cmTC_82843 -lpthreads 
/usr/bin/ld: 找不到 -lpthreads
collect2: error: ld returned 1 exit status
CMakeFiles/cmTC_82843.dir/build.make:97: recipe for target 'cmTC_82843' failed
make[1]: *** [cmTC_82843] Error 1
make[1]: 离开目录“/home/uav1/fuel_ws/build/odom_visualization/CMakeFiles/CMakeTmp”
Makefile:126: recipe for target 'cmTC_82843/fast' failed
make: *** [cmTC_82843/fast] Error 2


